> _Good things to note:_\
> In many calling conventions, parameters are passed to functions via the stack. The first parameter is typically at **`0x8(%rsp)`**, the second parameter at **`0xc(%rsp)`**, and so on.

#### Pre-Launch

In the preliminary exploration, we can see the presence of an executable program named "bomb".

To gain insights into its functionality, we can utilize commands such as `objdump -t bomb | less` or `strings bomb` for a quick overview. Additionally, we can generate a detailed assembly code listing using `objdump -d bomb > foo.txt`. The resulting file, `foo.txt`, contains the entire assembly code for the program.

And we can observe, each of the six phases of the bomb program concludes with the instruction `callq 40143a <explode_bomb>`, signifying the Exploding Bomb function. What we need to do is to allow the program to execute and pause before reaching this critical point.

#### Phase 1

Upon initiating the process, we open the GDB with the command `gdb bomb` and establish a breakpoint using `break explode_bomb`. Executing the program with `run` automatically halts execution at the designated breakpoint. Using the `disas` command, we inspect the assembly code for the `phase_1` function:

```assembly
(gdb) disas phase_1
Dump of assembler code for function phase_1:
   0x0000000000400ee0 <+0>:     sub    $0x8,%rsp
   0x0000000000400ee4 <+4>:     mov    $0x402400,%esi
   0x0000000000400ee9 <+9>:     callq  0x401338 <strings_not_equal>
   0x0000000000400eee <+14>:    test   %eax,%eax
   0x0000000000400ef0 <+16>:    je     0x400ef7 <phase_1+23>
   0x0000000000400ef2 <+18>:    callq  0x40143a <explode_bomb>
   0x0000000000400ef7 <+23>:    add    $0x8,%rsp
   0x0000000000400efb <+27>:    retq 
End of assembler dump.
```

1. **`sub $0x8,%rsp`**: This instruction subtracts 8 from the stack pointer (`%rsp`). It's likely reserving space on the stack for local variables or temporary storage.

2. **`mov $0x402400,%esi`**: This moves the immediate value `0x402400` into the `%esi` register.

3. **`callq 0x401338 <strings_not_equal>`**: This calls the function at address `0x401338`, which is named `strings_not_equal`. The `%esi` register likely contains a pointer to a string that is being passed as an argument to this function.

4. **`test %eax,%eax`**: This tests the value in the `%eax` register. `%eax` is being bitwise ANDed with itself. The primary purpose of this operation is to set the zero flag (`ZF`) in the FLAGS register.

5. **`je 0x400ef7 <phase_1+23>`**: This jumps to the address `0x400ef7` if the zero flag is set, meaning that the previous test (`test %eax,%eax`) resulted in equality (zero).

6. **`callq 0x40143a <explode_bomb>`**: This calls the `explode_bomb` function if the zero flag is not set, indicating that the strings are not equal.

So, in essence, the `phase_1` function is to put something in the `%esi` register, and call `<strings_not_equal>` function to compare the user input with it, if they are not the same, call `<explode_bomb>`.

Now we only need to inspect the value in `%esi` register, in order to defuse the first bomb.

(p.s. Or we can directly view the contents in address `0x402400`, before we move the contents into `%esi` register.)

```cmd
(gdb) x $esi
0x402400:       0x64726f42
(gdb) x/s $esi
0x402400:       "Border relations with Canada have never been better."
(gdb) 
```

#### Phase 2

Moving on to `phase_2`, we analyze its assembly code to comprehend the logic implemented. The disassembled code reveals a structured sequence involving stack manipulation, function calls (`read_six_numbers`), conditional jumps, and loops.

```assembly
(gdb) disas phase_2
Dump of assembler code for function phase_2:
   0x0000000000400efc <+0>:     push   %rbp
   0x0000000000400efd <+1>:     push   %rbx
   0x0000000000400efe <+2>:     sub    $0x28,%rsp
   0x0000000000400f02 <+6>:     mov    %rsp,%rsi
   0x0000000000400f05 <+9>:     callq  0x40145c <read_six_numbers>
   0x0000000000400f0a <+14>:    cmpl   $0x1,(%rsp)
   0x0000000000400f0e <+18>:    je     0x400f30 <phase_2+52>
   0x0000000000400f10 <+20>:    callq  0x40143a <explode_bomb>
   0x0000000000400f15 <+25>:    jmp    0x400f30 <phase_2+52>
   0x0000000000400f17 <+27>:    mov    -0x4(%rbx),%eax
   0x0000000000400f1a <+30>:    add    %eax,%eax
   0x0000000000400f1c <+32>:    cmp    %eax,(%rbx)
   0x0000000000400f1e <+34>:    je     0x400f25 <phase_2+41>
   0x0000000000400f20 <+36>:    callq  0x40143a <explode_bomb>
   0x0000000000400f25 <+41>:    add    $0x4,%rbx
   0x0000000000400f29 <+45>:    cmp    %rbp,%rbx
   0x0000000000400f2c <+48>:    jne    0x400f17 <phase_2+27>
   0x0000000000400f2e <+50>:    jmp    0x400f3c <phase_2+64>
   0x0000000000400f30 <+52>:    lea    0x4(%rsp),%rbx
   0x0000000000400f35 <+57>:    lea    0x18(%rsp),%rbp
   0x0000000000400f3a <+62>:    jmp    0x400f17 <phase_2+27>
   0x0000000000400f3c <+64>:    add    $0x28,%rsp
   0x0000000000400f40 <+68>:    pop    %rbx
   0x0000000000400f41 <+69>:    pop    %rbp
   0x0000000000400f42 <+70>:    retq
End of assembler dump.
```

We can see from the code above, the <+14> line shows we are comparing first item in the stack (denoted by the `$rsp`) with 0x1, so the first thing we input should be the number 1. And if the input is indeed 0x1, our program jumps to address `0x400f30`. Otherwise, it calls `explode_bomb`. From the line <+27>, we can find the regular pattern of this loop is multiplying a number itself by 2.
```assembly
0x0000000000400f17 <+27>:	mov    -0x4(%rbx),%eax; // the previous num
0x0000000000400f1a <+30>:	add    %eax,%eax; // multiply by 2
```

We can observe the details of the `<read_six_numbers>` function as follows, and it implies the expected input should be six numbers. We can also examine the value that has been put into the `%esi` register, `x/s  0x402799`, which is `"%d %d %d %d %d %d"` as we expected.

```assembly
(gdb) disas read_six_numbers
Dump of assembler code for function read_six_numbers:
   0x000000000040145c <+0>:     sub    $0x18,%rsp
   0x0000000000401460 <+4>:     mov    %rsi,%rdx
   0x0000000000401463 <+7>:     lea    0x4(%rsi),%rcx
   0x0000000000401467 <+11>:    lea    0x14(%rsi),%rax
   0x000000000040146b <+15>:    mov    %rax,0x8(%rsp)
   0x0000000000401470 <+20>:    lea    0x10(%rsi),%rax
   0x0000000000401474 <+24>:    mov    %rax,(%rsp)
   0x0000000000401478 <+28>:    lea    0xc(%rsi),%r9
   0x000000000040147c <+32>:    lea    0x8(%rsi),%r8
   0x0000000000401480 <+36>:    mov    $0x4025c3,%esi
   0x0000000000401485 <+41>:    mov    $0x0,%eax
   0x000000000040148a <+46>:    callq  0x400bf0 <__isoc99_sscanf@plt>
   0x000000000040148f <+51>:    cmp    $0x5,%eax
   0x0000000000401492 <+54>:    jg     0x401499 <read_six_numbers+61>
   0x0000000000401494 <+56>:    callq  0x40143a <explode_bomb>
   0x0000000000401499 <+61>:    add    $0x18,%rsp
   0x000000000040149d <+65>:    retq   
End of assembler dump.
```

So to sum it up, we need to input six numbers, starting by 1, and each number is twice as much as the previous one.

#### Phase 3

To start our process of defusing the bomb in phase 3, we check the assembly code at the first place.

```asm
(gdb) disas phase_3
Dump of assembler code for function phase_3:
   0x0000000000400f43 <+0>:     sub    $0x18,%rsp
   0x0000000000400f47 <+4>:     lea    0xc(%rsp),%rcx
   0x0000000000400f4c <+9>:     lea    0x8(%rsp),%rdx
   0x0000000000400f51 <+14>:    mov    $0x4025cf,%esi
   0x0000000000400f56 <+19>:    mov    $0x0,%eax
   0x0000000000400f5b <+24>:    callq  0x400bf0 <__isoc99_sscanf@plt>
   0x0000000000400f60 <+29>:    cmp    $0x1,%eax
   0x0000000000400f63 <+32>:    jg     0x400f6a <phase_3+39>
   0x0000000000400f65 <+34>:    callq  0x40143a <explode_bomb>
   0x0000000000400f6a <+39>:    cmpl   $0x7,0x8(%rsp)
   0x0000000000400f6f <+44>:    ja     0x400fad <phase_3+106>
   0x0000000000400f71 <+46>:    mov    0x8(%rsp),%eax
   0x0000000000400f75 <+50>:    jmpq   *0x402470(,%rax,8)
   0x0000000000400f7c <+57>:    mov    $0xcf,%eax
   0x0000000000400f81 <+62>:    jmp    0x400fbe <phase_3+123>
   0x0000000000400f83 <+64>:    mov    $0x2c3,%eax
   0x0000000000400f88 <+69>:    jmp    0x400fbe <phase_3+123>
   0x0000000000400f8a <+71>:    mov    $0x100,%eax
   0x0000000000400f8f <+76>:    jmp    0x400fbe <phase_3+123>
   0x0000000000400f91 <+78>:    mov    $0x185,%eax
   0x0000000000400f96 <+83>:    jmp    0x400fbe <phase_3+123>
   0x0000000000400f98 <+85>:    mov    $0xce,%eax
   0x0000000000400f9d <+90>:    jmp    0x400fbe <phase_3+123>
   0x0000000000400f9f <+92>:    mov    $0x2aa,%eax
   0x0000000000400fa4 <+97>:    jmp    0x400fbe <phase_3+123>
   0x0000000000400fa6 <+99>:    mov    $0x147,%eax
   0x0000000000400fab <+104>:   jmp    0x400fbe <phase_3+123>
   0x0000000000400fad <+106>:   callq  0x40143a <explode_bomb>
   0x0000000000400fb2 <+111>:   mov    $0x0,%eax
   0x0000000000400fb7 <+116>:   jmp    0x400fbe <phase_3+123>
   0x0000000000400fb9 <+118>:   mov    $0x137,%eax
   0x0000000000400fbe <+123>:   cmp    0xc(%rsp),%eax
   0x0000000000400fc2 <+127>:   je     0x400fc9 <phase_3+134>
   0x0000000000400fc4 <+129>:   callq  0x40143a <explode_bomb>
   0x0000000000400fc9 <+134>:   add    $0x18,%rsp
   0x0000000000400fcd <+138>:   retq   
End of assembler dump.
```

Through the <+14> line, we can examine the value in `0x4025cf`, and we can see the value in it is `"%d %d"`. So the expected input should be two integers.

we can see from the line <+50>, this is a conditional branch, which is determined by the first number we input. Since the first number should be no more than 7, then we can directly try one of the numbers, and see which branch it goes in the gdb.

To put it shortly, there are eight possibilities, `[207, 311, 707, 256, 389, 206, 682, 327]`. The first number is the index, and the second number is the corresponding element in the array.

#### Phase 4

```asm
(gdb) disas phase_4
Dump of assembler code for function phase_4:
   0x000000000040100c <+0>:     sub    $0x18,%rsp
   0x0000000000401010 <+4>:     lea    0xc(%rsp),%rcx
   0x0000000000401015 <+9>:     lea    0x8(%rsp),%rdx
   0x000000000040101a <+14>:    mov    $0x4025cf,%esi
   0x000000000040101f <+19>:    mov    $0x0,%eax
   0x0000000000401024 <+24>:    callq  0x400bf0 <__isoc99_sscanf@plt>
   0x0000000000401029 <+29>:    cmp    $0x2,%eax
   0x000000000040102c <+32>:    jne    0x401035 <phase_4+41>
   0x000000000040102e <+34>:    cmpl   $0xe,0x8(%rsp)
   0x0000000000401033 <+39>:    jbe    0x40103a <phase_4+46>
   0x0000000000401035 <+41>:    callq  0x40143a <explode_bomb>
   0x000000000040103a <+46>:    mov    $0xe,%edx
   0x000000000040103f <+51>:    mov    $0x0,%esi
   0x0000000000401044 <+56>:    mov    0x8(%rsp),%edi
   0x0000000000401048 <+60>:    callq  0x400fce <func4>
   0x000000000040104d <+65>:    test   %eax,%eax
   0x000000000040104f <+67>:    jne    0x401058 <phase_4+76>
   0x0000000000401051 <+69>:    cmpl   $0x0,0xc(%rsp)
   0x0000000000401056 <+74>:    je     0x40105d <phase_4+81>
   0x0000000000401058 <+76>:    callq  0x40143a <explode_bomb>
   0x000000000040105d <+81>:    add    $0x18,%rsp
   0x0000000000401061 <+85>:    retq   
End of assembler dump.
```

The same thing, as we examine the value in `0x4025cf`, we can see `"%d %d"` in it. So two integers are expected here. The line <+29> implies this point as well.

From the line <+34> and <+39>, we can know that the first input should be less than 14 (0xe). And through the line <+69> and <+74>, we can get that the second input must be zero, otherwise the bomb will explode.

```asm
(gdb) disas func4
Dump of assembler code for function func4:
   0x0000000000400fce <+0>:     sub    $0x8,%rsp
   0x0000000000400fd2 <+4>:     mov    %edx,%eax
   0x0000000000400fd4 <+6>:     sub    %esi,%eax
   0x0000000000400fd6 <+8>:     mov    %eax,%ecx
   0x0000000000400fd8 <+10>:    shr    $0x1f,%ecx
   0x0000000000400fdb <+13>:    add    %ecx,%eax
   0x0000000000400fdd <+15>:    sar    %eax
   0x0000000000400fdf <+17>:    lea    (%rax,%rsi,1),%ecx
   0x0000000000400fe2 <+20>:    cmp    %edi,%ecx
   0x0000000000400fe4 <+22>:    jle    0x400ff2 <func4+36>
   0x0000000000400fe6 <+24>:    lea    -0x1(%rcx),%edx
   0x0000000000400fe9 <+27>:    callq  0x400fce <func4>
   0x0000000000400fee <+32>:    add    %eax,%eax
   0x0000000000400ff0 <+34>:    jmp    0x401007 <func4+57>
   0x0000000000400ff2 <+36>:    mov    $0x0,%eax
   0x0000000000400ff7 <+41>:    cmp    %edi,%ecx
   0x0000000000400ff9 <+43>:    jge    0x401007 <func4+57>
   0x0000000000400ffb <+45>:    lea    0x1(%rcx),%esi
   0x0000000000400ffe <+48>:    callq  0x400fce <func4>
   0x0000000000401003 <+53>:    lea    0x1(%rax,%rax,1),%eax
   0x0000000000401007 <+57>:    add    $0x8,%rsp
   0x000000000040100b <+61>:    retq  
   ```

So looking through the assembly code of `func4`, this is sort of complicated. We can trace it step by step and rewrite it down as pseudocode to make it more intuitive. Whereas, we can also brute-force this bomb, since the second input is known and the first input is in the range of [0, 14).

Following this thought, the final answer is [0, 0] or [1, 0] or [3, 0] or [7, 0].

#### Phase 5
```asm
(gdb) disas phase_5
Dump of assembler code for function phase_5:
   0x0000000000401062 <+0>:     push   %rbx
   0x0000000000401063 <+1>:     sub    $0x20,%rsp
   0x0000000000401067 <+5>:     mov    %rdi,%rbx
   0x000000000040106a <+8>:     mov    %fs:0x28,%rax
   0x0000000000401073 <+17>:    mov    %rax,0x18(%rsp)
   0x0000000000401078 <+22>:    xor    %eax,%eax
   0x000000000040107a <+24>:    callq  0x40131b <string_length>
   0x000000000040107f <+29>:    cmp    $0x6,%eax
   0x0000000000401082 <+32>:    je     0x4010d2 <phase_5+112>
   0x0000000000401084 <+34>:    callq  0x40143a <explode_bomb>
   0x0000000000401089 <+39>:    jmp    0x4010d2 <phase_5+112>
   0x000000000040108b <+41>:    movzbl (%rbx,%rax,1),%ecx
   0x000000000040108f <+45>:    mov    %cl,(%rsp)
   0x0000000000401092 <+48>:    mov    (%rsp),%rdx
   0x0000000000401096 <+52>:    and    $0xf,%edx
   0x0000000000401099 <+55>:    movzbl 0x4024b0(%rdx),%edx
   0x00000000004010a0 <+62>:    mov    %dl,0x10(%rsp,%rax,1)
   0x00000000004010a4 <+66>:    add    $0x1,%rax
   0x00000000004010a8 <+70>:    cmp    $0x6,%rax
   0x00000000004010ac <+74>:    jne    0x40108b <phase_5+41>
   0x00000000004010ae <+76>:    movb   $0x0,0x16(%rsp)
   0x00000000004010b3 <+81>:    mov    $0x40245e,%esi
   0x00000000004010b8 <+86>:    lea    0x10(%rsp),%rdi
   0x00000000004010bd <+91>:    callq  0x401338 <strings_not_equal>
   0x00000000004010c2 <+96>:    test   %eax,%eax
   0x00000000004010c4 <+98>:    je     0x4010d9 <phase_5+119>
   0x00000000004010c6 <+100>:   callq  0x40143a <explode_bomb>
   0x00000000004010cb <+105>:   nopl   0x0(%rax,%rax,1)
   0x00000000004010d0 <+110>:   jmp    0x4010d9 <phase_5+119>
   0x00000000004010d2 <+112>:   mov    $0x0,%eax
   0x00000000004010d7 <+117>:   jmp    0x40108b <phase_5+41>
   0x00000000004010d9 <+119>:   mov    0x18(%rsp),%rax
   0x00000000004010de <+124>:   xor    %fs:0x28,%rax
   0x00000000004010e7 <+133>:   je     0x4010ee <phase_5+140>
   0x00000000004010e9 <+135>:   callq  0x400b30 <__stack_chk_fail@plt>
   0x00000000004010ee <+140>:   add    $0x20,%rsp
   0x00000000004010f2 <+144>:   pop    %rbx
   0x00000000004010f3 <+145>:   retq   
End of assembler dump.
```

Still, we will look at the assembly code of the phase 5 first of all. Through <+22> to <+34>, we can know that `$eax` is set to 0 and passed into the function called "string_length", after finishing this function calling, if `$eax` is not equal to 6, the bomb will explode.
